2023-09-27T13:56:11.712+02:00  INFO 22240 --- [main] com.nico.restapi2.Restapi2Application    : Starting Restapi2Application using Java 17.0.6 with PID 22240 (/Users/magnusenemar/IdeaProjects/restapi2/target/classes started by nicolinalarsson in /Users/magnusenemar/IdeaProjects/restapi2)
2023-09-27T13:56:11.716+02:00  INFO 22240 --- [main] com.nico.restapi2.Restapi2Application    : No active profile set, falling back to 1 default profile: "default"
2023-09-27T13:56:12.632+02:00  INFO 22240 --- [main] .s.d.r.c.RepositoryConfigurationDelegate : Bootstrapping Spring Data JPA repositories in DEFAULT mode.
2023-09-27T13:56:12.718+02:00  INFO 22240 --- [main] .s.d.r.c.RepositoryConfigurationDelegate : Finished Spring Data repository scanning in 70 ms. Found 1 JPA repository interfaces.
2023-09-27T13:56:13.492+02:00  INFO 22240 --- [main] o.s.b.w.embedded.tomcat.TomcatWebServer  : Tomcat initialized with port(s): 8585 (http)
2023-09-27T13:56:13.505+02:00  INFO 22240 --- [main] o.apache.catalina.core.StandardService   : Starting service [Tomcat]
2023-09-27T13:56:13.506+02:00  INFO 22240 --- [main] o.apache.catalina.core.StandardEngine    : Starting Servlet engine: [Apache Tomcat/10.1.12]
2023-09-27T13:56:13.610+02:00  INFO 22240 --- [main] o.a.c.c.C.[Tomcat].[localhost].[/]       : Initializing Spring embedded WebApplicationContext
2023-09-27T13:56:13.611+02:00  INFO 22240 --- [main] w.s.c.ServletWebServerApplicationContext : Root WebApplicationContext: initialization completed in 1802 ms
2023-09-27T13:56:13.745+02:00  INFO 22240 --- [main] com.zaxxer.hikari.HikariDataSource       : HikariPool-1 - Starting...
2023-09-27T13:56:13.947+02:00  INFO 22240 --- [main] com.zaxxer.hikari.pool.HikariPool        : HikariPool-1 - Added connection com.mysql.cj.jdbc.ConnectionImpl@2785db06
2023-09-27T13:56:13.949+02:00  INFO 22240 --- [main] com.zaxxer.hikari.HikariDataSource       : HikariPool-1 - Start completed.
2023-09-27T13:56:14.081+02:00  INFO 22240 --- [main] o.hibernate.jpa.internal.util.LogHelper  : HHH000204: Processing PersistenceUnitInfo [name: default]
2023-09-27T13:56:14.201+02:00  INFO 22240 --- [main] org.hibernate.Version                    : HHH000412: Hibernate ORM core version 6.2.7.Final
2023-09-27T13:56:14.205+02:00  INFO 22240 --- [main] org.hibernate.cfg.Environment            : HHH000406: Using bytecode reflection optimizer
2023-09-27T13:56:14.390+02:00  INFO 22240 --- [main] o.h.b.i.BytecodeProviderInitiator        : HHH000021: Bytecode provider name : bytebuddy
2023-09-27T13:56:14.636+02:00  INFO 22240 --- [main] o.s.o.j.p.SpringPersistenceUnitInfo      : No LoadTimeWeaver setup: ignoring JPA class transformer
2023-09-27T13:56:14.991+02:00  INFO 22240 --- [main] o.h.b.i.BytecodeProviderInitiator        : HHH000021: Bytecode provider name : bytebuddy
2023-09-27T13:56:15.887+02:00  INFO 22240 --- [main] o.h.e.t.j.p.i.JtaPlatformInitiator       : HHH000490: Using JtaPlatform implementation: [org.hibernate.engine.transaction.jta.platform.internal.NoJtaPlatform]
2023-09-27T13:56:16.040+02:00  INFO 22240 --- [main] j.LocalContainerEntityManagerFactoryBean : Initialized JPA EntityManagerFactory for persistence unit 'default'
2023-09-27T13:56:16.430+02:00  WARN 22240 --- [main] JpaBaseConfiguration$JpaWebConfiguration : spring.jpa.open-in-view is enabled by default. Therefore, database queries may be performed during view rendering. Explicitly configure spring.jpa.open-in-view to disable this warning
2023-09-27T13:56:17.035+02:00  INFO 22240 --- [main] o.s.s.web.DefaultSecurityFilterChain     : Will secure any request with [org.springframework.security.web.session.DisableEncodeUrlFilter@10466c55, org.springframework.security.web.context.request.async.WebAsyncManagerIntegrationFilter@2a5ed225, org.springframework.security.web.context.SecurityContextHolderFilter@370a935f, org.springframework.security.web.header.HeaderWriterFilter@684430c1, org.springframework.security.web.authentication.logout.LogoutFilter@c3ca482, org.springframework.security.web.authentication.www.BasicAuthenticationFilter@1755aee6, org.springframework.security.web.savedrequest.RequestCacheAwareFilter@6166aac5, org.springframework.security.web.servletapi.SecurityContextHolderAwareRequestFilter@3c2f310c, org.springframework.security.web.authentication.AnonymousAuthenticationFilter@2a525f88, org.springframework.security.web.access.ExceptionTranslationFilter@5fa9971f, org.springframework.security.web.access.intercept.AuthorizationFilter@32430075]
2023-09-27T13:56:17.333+02:00  INFO 22240 --- [main] o.s.b.w.embedded.tomcat.TomcatWebServer  : Tomcat started on port(s): 8585 (http) with context path ''
2023-09-27T13:56:17.355+02:00  INFO 22240 --- [main] com.nico.restapi2.Restapi2Application    : Started Restapi2Application in 6.365 seconds (process running for 12.408)
2023-09-27T13:57:05.623+02:00  INFO 22240 --- [SpringApplicationShutdownHook] j.LocalContainerEntityManagerFactoryBean : Closing JPA EntityManagerFactory for persistence unit 'default'
2023-09-27T13:57:05.637+02:00  INFO 22240 --- [SpringApplicationShutdownHook] com.zaxxer.hikari.HikariDataSource       : HikariPool-1 - Shutdown initiated...
2023-09-27T13:57:05.661+02:00  INFO 22240 --- [SpringApplicationShutdownHook] com.zaxxer.hikari.HikariDataSource       : HikariPool-1 - Shutdown completed.
